2019-06-14 22:33:21,939 - DEBUG - get_echo : {'action': 'echo', 'data': 'test', 'time': 1560540801.930619, 'user': 'aa383139c5cee8d190526c1dd862648d86563ab1742d2764e1ad2007b6e03a18'}
2019-06-14 23:00:29,476 - DEBUG - wrapper : b'x\x9c\x15\x8cK\x0e\xc20\x0c\x05\xaf\x12y\x8dP\xe3O\x9bp\x1b\xc7qD\x17\xa5\x12\r+\xc4\xddI\x96\xf3\xe6i\xbe\xa0\xd6\xf7\xf3\x05\x8f\x00\xc1\xedy\xc2-@\xd5\xaes\xe8~\xf5\xc9}?|p\x94u\x11F\xc6|\xe7M\x88\xe2P\x9f\xcb\xdf\xf3\xda\xc4k\x16)V\x191a3O*,\x8b);9a\xa2-RmTF\xc38I\x15U\xcb\x8c\x8ds\xd4\xd2\x12\xfc\xfe4\xdb%x'
2019-06-14 23:00:29,479 - ERROR - 404 - request:{'action': ' echo', 'data': 'test', 'time': 1560542429.475331, 'user': 'f5ed955bcd42282fce8a5450ca4e3e3283713df3b560c485d5aac942f491abf8'}
2019-06-14 23:00:57,319 - DEBUG - wrapper : b'x\x9c\x15\x8a\xcd\x0e\xc2 \x0c\x80_e\xe9\xd9\x18(\x94\x82oS\xda\x12w\xd0%\x0eOf\xef\xeev\xfc~~ :\xd7\xed\r\x8f\x05\\\x9f\x1b\xdc\x160\x99r\xf1\xf4}\xe2%\xe6\xfa\xf2SD*\x812f\xe2{\x8a-$:\xd3w\xf7\xcf\xf5Fu\xc9\xa5\r\x1c\x1a\x11\xab\x08\x11s6T\x0em4\xe9\xad\xb2\x99\x05\xb2\x8aZ\xc8q\x14\xb6^\t{\xc2\x18\xd8\x19\x8e?9\xc1%5'
2019-06-14 23:00:57,319 - DEBUG - get_echo : {'action': 'echo', 'data': 'test2', 'time': 1560542457.319035, 'user': '1cea469f2fc1228aa55774d2c709f9ab987ddd05d82c65e2f67db852b32107e7'}
2019-06-14 23:06:36,919 - DEBUG - wrapper : b'x\x9c\x15\xcaA\x0e\x02!\x0c@\xd1\xabL\xba6\xa6\x94\xb6PoS\x06Hf\xa1&\x82+\xe3\xddgX\xbe\xfc\xff\x03\xdf\xe7\xf1~\xc1c\x832*\xdc6\xa8>}q\xb61\x97\xe7\xf1l\x97\x83(\nS2\xbd[\xb0\xcc\xe9J\xdf\xd1>k\x15\x8d\x91\xb1x\xc2\x80\xcd$\x97\x8c\xb9J\x10j$X\xd4\x85\x85\x91\xacwn\xd5\x9dRU\xb2\xa01Q\xd9\x8bf\xee\xf0?\x01\xae\x9e#\xac'
2019-06-14 23:06:36,919 - ERROR - 404 - request:{'action': 'bsd', 'data': 'test', 'time': 1560542796.919847, 'user': '563340ba7010e958b808d5152e250b6a5454029ff4edaa27d62916372bcb684f'}
2019-06-14 23:22:21,076 - INFO - модуль вызова -None - имя вызванной функции -handle_default_request ее параметры []
2019-06-14 23:22:21,081 - ERROR - 404 - request:{'action': 'test', 'data': 'test', 'time': 1560543741.07502, 'user': '3d2718d18ce010ad1539ca68d3c64daf5d38b94c8331e85a6d8060ce4f245cab'}
2019-06-14 23:25:52,251 - INFO - модуль вызова -handlers - имя вызванной функции -handle_default_request ее параметры <method-wrapper '__getattribute__' of function object at 0x00000140F171F048>
2019-06-14 23:25:52,254 - ERROR - 404 - request:{'action': 'test', 'data': 'test', 'time': 1560543952.250739, 'user': '951f017dd17ab6b2466c52d2850bdd6588ded23e9b403d55f3cb49f3701eec74'}
2019-06-14 23:33:01,089 - INFO - модуль вызова -handlers - имя вызванной функции -handle_default_request ее параметры {'request': b'{"action": "\\u0435\\u0443\\u044b\\u0435", "data": "\\u0435\\u0443\\u044b\\u0435", "time": 1560544381.089393, "user": "ee474e724e5bdb296eb93d6db0d4c148f3cc213871c2f787b5ffa3d71ace40cd"}', 'argv': (), 'kwargv': {}, 'func': <function handle_default_request at 0x0000014C6B83F048>}
2019-06-14 23:33:01,093 - ERROR - 404 - request:{'action': 'еуые', 'data': 'еуые', 'time': 1560544381.089393, 'user': 'ee474e724e5bdb296eb93d6db0d4c148f3cc213871c2f787b5ffa3d71ace40cd'}
2019-06-14 23:39:02,840 - INFO - Время вызова - "2019-06-14_2339" Модуль вызова - "handlers" - Bмя вызванной функции - "handle_default_request " ее параметры - {'request': b'{"action": "test", "data": "test", "time": 1560544742.83919, "user": "a03cff94debddc117758a0c4e05c65b95a93bfa527e72005824fb07585604ab1"}', 'argv': (), 'kwargv': {}, 'func': <function handle_default_request at 0x000001FC8AFCF048>}
2019-06-14 23:39:02,843 - ERROR - 404 - request:{'action': 'test', 'data': 'test', 'time': 1560544742.83919, 'user': 'a03cff94debddc117758a0c4e05c65b95a93bfa527e72005824fb07585604ab1'}
2019-06-14 23:40:15,215 - INFO - Время вызова - "2019-06-14_2340" Модуль вызова - "handlers" - Bмя вызванной функции - "handle_default_request " ее параметры - {'request': b'{"action": "new test", "data": "test", "time": 1560544815.214137, "user": "8cceaac3f6b38b3ba6d8a6948470904157a2f9468c62bf86c6e772a0a137714f"}', 'argv': (), 'kwargv': {}, 'func': <function handle_default_request at 0x000002874E49F048>}
2019-06-14 23:40:40,634 - INFO - Время вызова - "2019-06-14_2340" Модуль вызова - "handlers" - Bмя вызванной функции - "handle_default_request " ее параметры - {'request': b'{"action": "new_test", "data": "test", "time": 1560544840.633747, "user": "b0e24d2119627d1cdab4202213207addf95ce2f233ef6d85837059a86fd41a88"}', 'argv': (), 'kwargv': {}, 'func': <function handle_default_request at 0x00000177A0B3F048>}
2019-06-14 23:40:40,637 - ERROR - 404 - request:{'action': 'new_test', 'data': 'test', 'time': 1560544840.633747, 'user': 'b0e24d2119627d1cdab4202213207addf95ce2f233ef6d85837059a86fd41a88'}
2019-06-14 23:43:32,997 - INFO - Время вызова - "2019-06-14_2343" Модуль вызова - "handlers" - Bмя вызванной функции - "handle_default_request " ее параметры - {'request': b'{"action": "echo", "data": "test", "time": 1560545012.997784, "user": "823bd805cb5fd975ab8063f6c7a45c7208258d2a590927afbe6782ccc9c765ac"}', 'argv': (), 'kwargv': {}, 'func': <function handle_default_request at 0x00000245C1069510>}
2019-06-14 23:43:32,998 - INFO - Время вызова - "2019-06-14_2343" Модуль вызова - "actions" - Bмя вызванной функции - "resolve " ее параметры - {'request': 'echo', 'argv': (), 'kwargv': {}, 'func': <function resolve at 0x00000245C1069400>}
2019-06-14 23:45:06,621 - INFO - Время вызова - "2019-06-14_2345" Модуль вызова - "handlers" - Bмя вызванной функции - "handle_default_request " ее параметры - {'request': b'{"action": "echo", "data": "test", "time": 1560545106.621937, "user": "f99e8591d0bab3cc76e637c52c8de72380b11ddd4959cfa642dcb4c449dd8ad8"}', 'argv': (), 'kwargv': {}, 'func': <function handle_default_request at 0x0000020B60BA4488>}
2019-06-14 23:45:56,169 - INFO - Время вызова - "2019-06-14_2345" Модуль вызова - "handlers" - Bмя вызванной функции - "handle_default_request " ее параметры - {'request': b'{"action": "echo", "data": "test", "time": 1560545156.168325, "user": "a1a4c12abc780b7cde7e3fc4beb331fcd1a0a2a0977414c1b96d17378ec7352b"}', 'argv': (), 'kwargv': {}, 'func': <function handle_default_request at 0x000001CB74904400>}
2019-06-14 23:52:22,128 - INFO - Время вызова - "2019-06-14_2352" Модуль вызова - "handlers" - Bмя вызванной функции - "handle_default_request " ее параметры - {'request': b'{"action": "echo", "data": "test", "time": 1560545542.127924, "user": "80acd731124d4933c6327aaca4d7d154fc1e5310b4ddce95a6866f856a489fbc"}', 'argv': (), 'kwargv': {}, 'func': <function handle_default_request at 0x000001FCA4F8F488>}
2019-06-14 23:52:22,128 - INFO - Время вызова - "2019-06-14_2352" Модуль вызова - "actions" - Bмя вызванной функции - "resolve " ее параметры - {'request': 'echo', 'argv': (), 'kwargv': {}, 'func': <function resolve at 0x000001FCA4F8F378>}
2019-06-14 23:52:22,131 - DEBUG - get_echo : {'action': 'echo', 'data': 'test', 'time': 1560545542.127924, 'user': '80acd731124d4933c6327aaca4d7d154fc1e5310b4ddce95a6866f856a489fbc'}
2019-06-14 23:53:03,853 - INFO - Время вызова - "2019-06-14_2353" Модуль вызова - "handlers" - Bмя вызванной функции - "handle_default_request " ее параметры - {'request': b'{"action": "fail", "data": "some data", "time": 1560545583.853209, "user": "e818dc9f714d6226721de4c9712663f962ff4372fa81a6bbeda49e585e68a8b3"}', 'argv': (), 'kwargv': {}, 'func': <function handle_default_request at 0x000001F7CC8CF488>}
2019-06-14 23:53:03,854 - INFO - Время вызова - "2019-06-14_2353" Модуль вызова - "actions" - Bмя вызванной функции - "resolve " ее параметры - {'request': 'fail', 'argv': (), 'kwargv': {}, 'func': <function resolve at 0x000001F7CC8CF378>}
2019-06-14 23:53:03,857 - ERROR - 404 - request:{'action': 'fail', 'data': 'some data', 'time': 1560545583.853209, 'user': 'e818dc9f714d6226721de4c9712663f962ff4372fa81a6bbeda49e585e68a8b3'}
2019-06-18 19:52:29,758 - INFO - Client with address ('127.0.0.1', 57394) was detected.
2019-06-18 22:08:06,655 - INFO - Client with address ('127.0.0.1', 50642) was detected.
